F:\VS_PROJ\PASSWORD_GUARD\DEBUG\HOOKENUMDLL.DLL
F:\VS_Proj\Password_Guard\Debug\hookEnumDll.exp
F:\VS_PROJ\PASSWORD_GUARD\DEBUG\HOOKENUMDLL.ILK
F:\VS_Proj\Password_Guard\Debug\hookEnumDll.lib
F:\VS_PROJ\PASSWORD_GUARD\DEBUG\HOOKENUMDLL.PDB
F:\VS_Proj\Password_Guard\hookEnumDll\Debug\cl.command.1.tlog
F:\VS_Proj\Password_Guard\hookEnumDll\Debug\CL.read.1.tlog
F:\VS_Proj\Password_Guard\hookEnumDll\Debug\CL.write.1.tlog
F:\VS_PROJ\PASSWORD_GUARD\HOOKENUMDLL\DEBUG\DLLMAIN.OBJ
F:\VS_PROJ\PASSWORD_GUARD\HOOKENUMDLL\DEBUG\HOOKENUMDLL.DLL.EMBED.MANIFEST
F:\VS_PROJ\PASSWORD_GUARD\HOOKENUMDLL\DEBUG\HOOKENUMDLL.DLL.EMBED.MANIFEST.RES
F:\VS_PROJ\PASSWORD_GUARD\HOOKENUMDLL\DEBUG\HOOKENUMDLL.DLL.INTERMEDIATE.MANIFEST
F:\VS_PROJ\PASSWORD_GUARD\HOOKENUMDLL\DEBUG\HOOKENUMDLL.OBJ
F:\VS_PROJ\PASSWORD_GUARD\HOOKENUMDLL\DEBUG\HOOKENUMDLL.PCH
F:\VS_Proj\Password_Guard\hookEnumDll\Debug\hookEnumDll.write.1.tlog
F:\VS_Proj\Password_Guard\hookEnumDll\Debug\hookEnumDll_manifest.rc
F:\VS_Proj\Password_Guard\hookEnumDll\Debug\link.14692.read.1.tlog
F:\VS_Proj\Password_Guard\hookEnumDll\Debug\link.14692.write.1.tlog
F:\VS_Proj\Password_Guard\hookEnumDll\Debug\link.14692-cvtres.read.1.tlog
F:\VS_Proj\Password_Guard\hookEnumDll\Debug\link.14692-cvtres.write.1.tlog
F:\VS_Proj\Password_Guard\hookEnumDll\Debug\link.command.1.tlog
F:\VS_Proj\Password_Guard\hookEnumDll\Debug\link.read.1.tlog
F:\VS_Proj\Password_Guard\hookEnumDll\Debug\link.write.1.tlog
F:\VS_Proj\Password_Guard\hookEnumDll\Debug\link-cvtres.read.1.tlog
F:\VS_Proj\Password_Guard\hookEnumDll\Debug\link-cvtres.write.1.tlog
F:\VS_Proj\Password_Guard\hookEnumDll\Debug\mt.command.1.tlog
F:\VS_Proj\Password_Guard\hookEnumDll\Debug\mt.read.1.tlog
F:\VS_Proj\Password_Guard\hookEnumDll\Debug\mt.write.1.tlog
F:\VS_Proj\Password_Guard\hookEnumDll\Debug\rc.command.1.tlog
F:\VS_Proj\Password_Guard\hookEnumDll\Debug\rc.read.1.tlog
F:\VS_Proj\Password_Guard\hookEnumDll\Debug\rc.write.1.tlog
F:\VS_PROJ\PASSWORD_GUARD\HOOKENUMDLL\DEBUG\STDAFX.OBJ
F:\VS_Proj\Password_Guard\hookEnumDll\Debug\vc100.idb
F:\VS_PROJ\PASSWORD_GUARD\HOOKENUMDLL\DEBUG\VC100.PDB
