生成启动时间为 2020/12/17 15:52:44。
     1>项目“F:\VS_Proj\Password_Guard\Password_Guard\Password_Guard.vcxproj”在节点 2 上(build 个目标)。
     1>InitializeBuildStatus:
         正在创建“Debug\Password_Guard.unsuccessfulbuild”，因为已指定“AlwaysCreate”。
       ClCompile:
         所有输出均为最新。
         所有输出均为最新。
       ResourceCompile:
         C:\Program Files (x86)\Microsoft SDKs\Windows\v7.0A\bin\rc.exe /D _DEBUG /D _UNICODE /D UNICODE /D _AFXDLL /l"0x0804" /IDebug\ /nologo /fo"Debug\Password_Guard.res" Password_Guard.rc 
       ManifestResourceCompile:
         所有输出均为最新。
       Link:
         C:\Program Files (x86)\Microsoft Visual Studio 10.0\VC\bin\link.exe /ERRORREPORT:PROMPT /OUT:"F:\VS_Proj\Password_Guard\Debug\Password_Guard.exe" /INCREMENTAL /NOLOGO /MANIFEST /ManifestFile:"Debug\Password_Guard.exe.intermediate.manifest" /MANIFESTUAC:"level='asInvoker' uiAccess='false'" /DEBUG /PDB:"F:\VS_Proj\Password_Guard\Debug\Password_Guard.pdb" /SUBSYSTEM:WINDOWS /TLBID:1 /ENTRY:"wWinMainCRTStartup" /DYNAMICBASE /NXCOMPAT /IMPLIB:"F:\VS_Proj\Password_Guard\Debug\Password_Guard.lib" /MACHINE:X86 Debug\Password_Guard.res
         Debug\Password_Guard.exe.embed.manifest.res
         Debug\Password_Guard.obj
         Debug\Password_GuardDlg.obj
         Debug\PSEdit.obj
         Debug\stdafx.obj
         ..\Debug\hookEnumDll.lib
       Manifest:
         C:\Program Files (x86)\Microsoft SDKs\Windows\v7.0A\bin\mt.exe /nologo /verbose /out:"Debug\Password_Guard.exe.embed.manifest" /manifest Debug\Password_Guard.exe.intermediate.manifest "C:\Program Files (x86)\Microsoft Visual Studio 10.0\VC\Include\Manifest\dpiaware.manifest"
         所有输出均为最新。
       LinkEmbedManifest:
         所有输出均为最新。
         Password_Guard.vcxproj -> F:\VS_Proj\Password_Guard\Debug\Password_Guard.exe
       FinalizeBuildStatus:
         正在删除文件“Debug\Password_Guard.unsuccessfulbuild”。
         正在对“Debug\Password_Guard.lastbuildstate”执行 Touch 任务。
     1>已完成生成项目“F:\VS_Proj\Password_Guard\Password_Guard\Password_Guard.vcxproj”(build 个目标)的操作。

生成成功。

已用时间 00:00:00.66
